
> portfolio@0.1.0 build
> next build --turbopack

▲ Next.js 16.2.0-canary.24 (Turbopack)
- Environments: .env.local

  Creating an optimized production build ...
✓ Compiled successfully in 7.2s
  Running TypeScript ...
Failed to compile.

./app/blog/[slug]/page.tsx:165:99
Type error: Type '{ rehypePlugins: (((options?: Options) => void | Transformer<Root, Root>) | { theme: string; keepBackground: boolean; })[][]; }' is not assignable to type 'Omit<CompileOptions, "outputFormat" | "providerImportSource"> & { useDynamicImport?: boolean | undefined; }'.
  Types of property 'rehypePlugins' are incompatible.
    Type '(((options?: Options | undefined) => void | Transformer<Root, Root>) | { theme: string; keepBackground: boolean; })[][]' is not assignable to type 'Pluggable[]'.
      Type '(((options?: Options | undefined) => void | Transformer<Root, Root>) | { theme: string; keepBackground: boolean; })[]' is not assignable to type 'Pluggable'.
        Type '(((options?: Options | undefined) => void | Transformer<Root, Root>) | { theme: string; keepBackground: boolean; })[]' is not assignable to type '[plugin: Plugin<any[], any, any>, ...parameters: any[]]'.
          Source provides no match for required element at position 0 in target.

[0m [90m 163 |[39m         {[90m/* Content Body */[39m}
 [90m 164 |[39m         [33m<[39m[33mdiv[39m className[33m=[39m[32m"prose prose-invert prose-lg max-w-none prose-headings:font-bold prose-headings:tracking-tight prose-a:text-blue-400 hover:prose-a:text-blue-300 prose-code:text-yellow-200 prose-code:bg-gray-800/50 prose-code:px-1 prose-code:rounded prose-code:before:content-none prose-code:after:content-none prose-pre:bg-[#161b22] prose-pre:border prose-pre:border-gray-700"[39m[33m>[39m
[31m[1m>[22m[39m[90m 165 |[39m           [33m<[39m[33mMDXRemote[39m source[33m=[39m{post[33m.[39mcontent} options[33m=[39m{{ mdExtensions[33m:[39m [36mtrue[39m[33m,[39m parseFrontmatter[33m:[39m [36mtrue[39m[33m,[39m mdxOptions }} [33m/[39m[33m>[39m
 [90m     |[39m                                                                                                   [31m[1m^[22m[39m
 [90m 166 |[39m         [33m<[39m[33m/[39m[33mdiv[39m[33m>[39m
 [90m 167 |[39m
 [90m 168 |[39m         {[90m/* Footer Navigation */[39m}[0m
Next.js build worker exited with code: 1 and signal: null
